0 info it worked if it ends with ok
1 verbose cli [ '/usr/local/Cellar/node/4.1.2/bin/node',
1 verbose cli   '/usr/local/bin/npm',
1 verbose cli   'init' ]
2 info using npm@2.14.6
3 info using node@v4.1.2
4 silly package data undefined
5 info init written successfully
6 verbose stack TypeError: Cannot read property 'replace' of undefined
6 verbose stack     at module.exports (/usr/local/lib/node_modules/npm/node_modules/validate-npm-package-license/node_modules/spdx-correct/index.js:211:26)
6 verbose stack     at module.exports (/usr/local/lib/node_modules/npm/node_modules/validate-npm-package-license/index.js:60:23)
6 verbose stack     at /usr/local/lib/node_modules/npm/node_modules/init-package-json/default-input.js:232:13
6 verbose stack     at PromZard.<anonymous> (/usr/local/lib/node_modules/npm/node_modules/init-package-json/node_modules/promzard/promzard.js:226:19)
6 verbose stack     at onError (/usr/local/lib/node_modules/npm/node_modules/read/lib/read.js:94:12)
6 verbose stack     at Interface.<anonymous> (/usr/local/lib/node_modules/npm/node_modules/read/lib/read.js:66:5)
6 verbose stack     at emitNone (events.js:67:13)
6 verbose stack     at Interface.emit (events.js:166:7)
6 verbose stack     at Interface._ttyWrite (readline.js:690:16)
6 verbose stack     at ReadStream.onkeypress (readline.js:105:10)
7 verbose cwd /Users/zachnewburgh/findmyrep
8 error Darwin 15.6.0
9 error argv "/usr/local/Cellar/node/4.1.2/bin/node" "/usr/local/bin/npm" "init"
10 error node v4.1.2
11 error npm  v2.14.6
12 error Cannot read property 'replace' of undefined
13 error If you need help, you may report this error at:
13 error     <https://github.com/npm/npm/issues>
14 verbose exit [ 1, true ]
